[ 2016-09-19T15:37:39+08:00 ] 127.0.0.1 /?c=Users&a=verify
INFO: [ app_init ] --START--
INFO: Run Behavior\BuildLiteBehavior [ RunTime:0.000291s ]
INFO: [ app_init ] --END-- [ RunTime:0.002607s ]
INFO: [ app_begin ] --START--
INFO: Run Behavior\ReadHtmlCacheBehavior [ RunTime:0.001540s ]
INFO: [ app_begin ] --END-- [ RunTime:0.003219s ]
INFO: [ app_end ] --START--
INFO: Run Behavior\ShowPageTraceBehavior [ RunTime:0.002896s ]
INFO: [ app_end ] --END-- [ RunTime:0.005781s ]

[ 2016-09-19T15:43:11+08:00 ] 127.0.0.1 /?c=Users&a=verify
INFO: [ app_init ] --START--
INFO: Run Behavior\BuildLiteBehavior [ RunTime:0.000268s ]
INFO: [ app_init ] --END-- [ RunTime:0.001933s ]
INFO: [ app_begin ] --START--
INFO: Run Behavior\ReadHtmlCacheBehavior [ RunTime:0.001050s ]
INFO: [ app_begin ] --END-- [ RunTime:0.002259s ]
INFO: [ app_end ] --START--
INFO: Run Behavior\ShowPageTraceBehavior [ RunTime:0.001192s ]
INFO: [ app_end ] --END-- [ RunTime:0.002359s ]

[ 2016-09-19T15:43:18+08:00 ] 127.0.0.1 /?c=Users&a=verify
INFO: [ app_init ] --START--
INFO: Run Behavior\BuildLiteBehavior [ RunTime:0.000246s ]
INFO: [ app_init ] --END-- [ RunTime:0.002236s ]
INFO: [ app_begin ] --START--
INFO: Run Behavior\ReadHtmlCacheBehavior [ RunTime:0.001184s ]
INFO: [ app_begin ] --END-- [ RunTime:0.002588s ]
INFO: [ app_end ] --START--
INFO: Run Behavior\ShowPageTraceBehavior [ RunTime:0.001191s ]
INFO: [ app_end ] --END-- [ RunTime:0.002364s ]

[ 2016-09-19T15:44:51+08:00 ] 127.0.0.1 /?c=Users&a=verify
INFO: [ app_init ] --START--
INFO: Run Behavior\BuildLiteBehavior [ RunTime:0.000460s ]
INFO: [ app_init ] --END-- [ RunTime:0.002523s ]
INFO: [ app_begin ] --START--
INFO: Run Behavior\ReadHtmlCacheBehavior [ RunTime:0.001225s ]
INFO: [ app_begin ] --END-- [ RunTime:0.002517s ]
INFO: [ app_end ] --START--
INFO: Run Behavior\ShowPageTraceBehavior [ RunTime:0.001105s ]
INFO: [ app_end ] --END-- [ RunTime:0.002720s ]

[ 2016-09-19T15:50:37+08:00 ] 127.0.0.1 /?c=Users&a=verify
INFO: [ app_init ] --START--
INFO: Run Behavior\BuildLiteBehavior [ RunTime:0.000224s ]
INFO: [ app_init ] --END-- [ RunTime:0.001930s ]
INFO: [ app_begin ] --START--
INFO: Run Behavior\ReadHtmlCacheBehavior [ RunTime:0.001091s ]
INFO: [ app_begin ] --END-- [ RunTime:0.002699s ]
INFO: [ app_end ] --START--
INFO: Run Behavior\ShowPageTraceBehavior [ RunTime:0.016943s ]
INFO: [ app_end ] --END-- [ RunTime:0.021270s ]

[ 2016-09-19T15:50:53+08:00 ] 127.0.0.1 /?c=Users&a=verify
INFO: [ app_init ] --START--
INFO: Run Behavior\BuildLiteBehavior [ RunTime:0.000206s ]
INFO: [ app_init ] --END-- [ RunTime:0.001780s ]
INFO: [ app_begin ] --START--
INFO: Run Behavior\ReadHtmlCacheBehavior [ RunTime:0.001039s ]
INFO: [ app_begin ] --END-- [ RunTime:0.002282s ]
INFO: [ app_end ] --START--
INFO: Run Behavior\ShowPageTraceBehavior [ RunTime:0.001075s ]
INFO: [ app_end ] --END-- [ RunTime:0.002239s ]

[ 2016-09-19T15:51:01+08:00 ] 127.0.0.1 /?c=Users&a=verify
INFO: [ app_init ] --START--
INFO: Run Behavior\BuildLiteBehavior [ RunTime:0.000219s ]
INFO: [ app_init ] --END-- [ RunTime:0.007405s ]
INFO: [ app_begin ] --START--
INFO: Run Behavior\ReadHtmlCacheBehavior [ RunTime:0.001318s ]
INFO: [ app_begin ] --END-- [ RunTime:0.002781s ]
INFO: [ app_end ] --START--
INFO: Run Behavior\ShowPageTraceBehavior [ RunTime:0.001193s ]
INFO: [ app_end ] --END-- [ RunTime:0.002918s ]

[ 2016-09-19T15:52:05+08:00 ] 127.0.0.1 /?c=Users&a=verify
INFO: [ app_init ] --START--
INFO: Run Behavior\BuildLiteBehavior [ RunTime:0.000225s ]
INFO: [ app_init ] --END-- [ RunTime:0.002104s ]
INFO: [ app_begin ] --START--
INFO: Run Behavior\ReadHtmlCacheBehavior [ RunTime:0.003935s ]
INFO: [ app_begin ] --END-- [ RunTime:0.005687s ]
INFO: [ app_end ] --START--
INFO: Run Behavior\ShowPageTraceBehavior [ RunTime:0.001084s ]
INFO: [ app_end ] --END-- [ RunTime:0.002350s ]

[ 2016-09-19T15:52:27+08:00 ] 127.0.0.1 /?c=Users&a=verify
INFO: [ app_init ] --START--
INFO: Run Behavior\BuildLiteBehavior [ RunTime:0.000249s ]
INFO: [ app_init ] --END-- [ RunTime:0.002257s ]
INFO: [ app_begin ] --START--
INFO: Run Behavior\ReadHtmlCacheBehavior [ RunTime:0.001077s ]
INFO: [ app_begin ] --END-- [ RunTime:0.002366s ]
INFO: [ app_end ] --START--
INFO: Run Behavior\ShowPageTraceBehavior [ RunTime:0.001144s ]
INFO: [ app_end ] --END-- [ RunTime:0.002385s ]

[ 2016-09-19T15:54:50+08:00 ] 127.0.0.1 /?c=Users&a=verify
INFO: [ app_init ] --START--
INFO: Run Behavior\BuildLiteBehavior [ RunTime:0.000227s ]
INFO: [ app_init ] --END-- [ RunTime:0.001857s ]
INFO: [ app_begin ] --START--
INFO: Run Behavior\ReadHtmlCacheBehavior [ RunTime:0.001189s ]
INFO: [ app_begin ] --END-- [ RunTime:0.002378s ]
INFO: [ app_end ] --START--
INFO: Run Behavior\ShowPageTraceBehavior [ RunTime:0.001045s ]
INFO: [ app_end ] --END-- [ RunTime:0.002328s ]

[ 2016-09-19T16:02:24+08:00 ] 127.0.0.1 /?c=Users&a=verify
INFO: [ app_init ] --START--
INFO: Run Behavior\BuildLiteBehavior [ RunTime:0.000461s ]
INFO: [ app_init ] --END-- [ RunTime:0.002250s ]
INFO: [ app_begin ] --START--
INFO: Run Behavior\ReadHtmlCacheBehavior [ RunTime:0.001001s ]
INFO: [ app_begin ] --END-- [ RunTime:0.002226s ]
INFO: [ app_end ] --START--
INFO: Run Behavior\ShowPageTraceBehavior [ RunTime:0.001090s ]
INFO: [ app_end ] --END-- [ RunTime:0.002246s ]

[ 2016-09-19T16:03:02+08:00 ] 127.0.0.1 /?c=Users&a=verify
INFO: [ app_init ] --START--
INFO: Run Behavior\BuildLiteBehavior [ RunTime:0.000201s ]
INFO: [ app_init ] --END-- [ RunTime:0.002045s ]
INFO: [ app_begin ] --START--
INFO: Run Behavior\ReadHtmlCacheBehavior [ RunTime:0.001044s ]
INFO: [ app_begin ] --END-- [ RunTime:0.002645s ]
INFO: [ app_end ] --START--
INFO: Run Behavior\ShowPageTraceBehavior [ RunTime:0.001116s ]
INFO: [ app_end ] --END-- [ RunTime:0.002258s ]

[ 2016-09-19T16:09:02+08:00 ] 127.0.0.1 /
INFO: [ app_init ] --START--
INFO: Run Behavior\BuildLiteBehavior [ RunTime:0.000211s ]
INFO: [ app_init ] --END-- [ RunTime:0.001896s ]
INFO: [ app_begin ] --START--
INFO: Run Behavior\ReadHtmlCacheBehavior [ RunTime:0.001114s ]
INFO: [ app_begin ] --END-- [ RunTime:0.002312s ]
SQL: SHOW COLUMNS FROM `aai_post` [ RunTime:0.0480s ]
SQL: SHOW COLUMNS FROM `aai_post` [ RunTime:0.0462s ]
SQL: SELECT * FROM `aai_post` WHERE `hot` = 1 AND `status` = 'publish' ORDER BY id desc  [ RunTime:0.0461s ]
INFO: [ view_parse ] --START--
INFO: [ template_filter ] --START--
INFO: Run Behavior\ContentReplaceBehavior [ RunTime:0.000987s ]
INFO: [ template_filter ] --END-- [ RunTime:0.002192s ]
INFO: Run Behavior\ParseTemplateBehavior [ RunTime:0.082681s ]
INFO: [ view_parse ] --END-- [ RunTime:0.084078s ]
INFO: [ view_filter ] --START--
INFO: Run Behavior\WriteHtmlCacheBehavior [ RunTime:0.001018s ]
INFO: [ view_filter ] --END-- [ RunTime:0.002853s ]
INFO: [ app_end ] --START--
INFO: Run Behavior\ShowPageTraceBehavior [ RunTime:0.001076s ]
INFO: [ app_end ] --END-- [ RunTime:0.002288s ]

[ 2016-09-19T16:09:42+08:00 ] 127.0.0.1 /
INFO: [ app_init ] --START--
INFO: Run Behavior\BuildLiteBehavior [ RunTime:0.000212s ]
INFO: [ app_init ] --END-- [ RunTime:0.001864s ]
INFO: [ app_begin ] --START--
INFO: Run Behavior\ReadHtmlCacheBehavior [ RunTime:0.001003s ]
INFO: [ app_begin ] --END-- [ RunTime:0.002219s ]
SQL: SHOW COLUMNS FROM `aai_post` [ RunTime:0.0454s ]
SQL: SHOW COLUMNS FROM `aai_post` [ RunTime:0.0455s ]
SQL: SELECT * FROM `aai_post` WHERE `hot` = 1 AND `status` = 'publish' ORDER BY id desc  [ RunTime:0.0459s ]
INFO: [ view_parse ] --START--
INFO: [ template_filter ] --START--
INFO: Run Behavior\ContentReplaceBehavior [ RunTime:0.001122s ]
INFO: [ template_filter ] --END-- [ RunTime:0.002410s ]
INFO: Run Behavior\ParseTemplateBehavior [ RunTime:0.053579s ]
INFO: [ view_parse ] --END-- [ RunTime:0.054853s ]
INFO: [ view_filter ] --START--
INFO: Run Behavior\WriteHtmlCacheBehavior [ RunTime:0.000959s ]
INFO: [ view_filter ] --END-- [ RunTime:0.002168s ]
INFO: [ app_end ] --START--
INFO: Run Behavior\ShowPageTraceBehavior [ RunTime:0.001101s ]
INFO: [ app_end ] --END-- [ RunTime:0.002358s ]

[ 2016-09-19T16:11:11+08:00 ] 127.0.0.1 /
INFO: [ app_init ] --START--
INFO: Run Behavior\BuildLiteBehavior [ RunTime:0.000233s ]
INFO: [ app_init ] --END-- [ RunTime:0.001941s ]
INFO: [ app_begin ] --START--
INFO: Run Behavior\ReadHtmlCacheBehavior [ RunTime:0.001070s ]
INFO: [ app_begin ] --END-- [ RunTime:0.002279s ]
SQL: SHOW COLUMNS FROM `aai_post` [ RunTime:0.0472s ]
SQL: SHOW COLUMNS FROM `aai_post` [ RunTime:0.0466s ]
SQL: SELECT * FROM `aai_post` WHERE `hot` = 1 AND `status` = 'publish' ORDER BY id desc  [ RunTime:0.0471s ]
INFO: [ view_parse ] --START--
INFO: [ template_filter ] --START--
INFO: Run Behavior\ContentReplaceBehavior [ RunTime:0.000985s ]
INFO: [ template_filter ] --END-- [ RunTime:0.002175s ]
INFO: Run Behavior\ParseTemplateBehavior [ RunTime:0.073408s ]
INFO: [ view_parse ] --END-- [ RunTime:0.075426s ]
INFO: [ view_filter ] --START--
INFO: Run Behavior\WriteHtmlCacheBehavior [ RunTime:0.001047s ]
INFO: [ view_filter ] --END-- [ RunTime:0.002421s ]
INFO: [ app_end ] --START--
INFO: Run Behavior\ShowPageTraceBehavior [ RunTime:0.001113s ]
INFO: [ app_end ] --END-- [ RunTime:0.002339s ]

[ 2016-09-19T16:31:52+08:00 ] 127.0.0.1 /?c=Users&a=verify
INFO: [ app_init ] --START--
INFO: Run Behavior\BuildLiteBehavior [ RunTime:0.000214s ]
INFO: [ app_init ] --END-- [ RunTime:0.001917s ]
INFO: [ app_begin ] --START--
INFO: Run Behavior\ReadHtmlCacheBehavior [ RunTime:0.001155s ]
INFO: [ app_begin ] --END-- [ RunTime:0.002522s ]
INFO: [ app_end ] --START--
INFO: Run Behavior\ShowPageTraceBehavior [ RunTime:0.001187s ]
INFO: [ app_end ] --END-- [ RunTime:0.002564s ]

[ 2016-09-19T16:34:04+08:00 ] 127.0.0.1 /?c=Users&a=verify
INFO: [ app_init ] --START--
INFO: Run Behavior\BuildLiteBehavior [ RunTime:0.000228s ]
INFO: [ app_init ] --END-- [ RunTime:0.002152s ]
INFO: [ app_begin ] --START--
INFO: Run Behavior\ReadHtmlCacheBehavior [ RunTime:0.001035s ]
INFO: [ app_begin ] --END-- [ RunTime:0.002408s ]
INFO: [ app_end ] --START--
INFO: Run Behavior\ShowPageTraceBehavior [ RunTime:0.001088s ]
INFO: [ app_end ] --END-- [ RunTime:0.002641s ]

[ 2016-09-19T16:34:08+08:00 ] 127.0.0.1 /?c=Users&a=verify
INFO: [ app_init ] --START--
INFO: Run Behavior\BuildLiteBehavior [ RunTime:0.000214s ]
INFO: [ app_init ] --END-- [ RunTime:0.002024s ]
INFO: [ app_begin ] --START--
INFO: Run Behavior\ReadHtmlCacheBehavior [ RunTime:0.000981s ]
INFO: [ app_begin ] --END-- [ RunTime:0.002219s ]
INFO: [ app_end ] --START--
INFO: Run Behavior\ShowPageTraceBehavior [ RunTime:0.001127s ]
INFO: [ app_end ] --END-- [ RunTime:0.002294s ]

[ 2016-09-19T16:35:23+08:00 ] 127.0.0.1 /?c=Users&a=verify
INFO: [ app_init ] --START--
INFO: Run Behavior\BuildLiteBehavior [ RunTime:0.000343s ]
INFO: [ app_init ] --END-- [ RunTime:0.002120s ]
INFO: [ app_begin ] --START--
INFO: Run Behavior\ReadHtmlCacheBehavior [ RunTime:0.001121s ]
INFO: [ app_begin ] --END-- [ RunTime:0.002499s ]
INFO: [ app_end ] --START--
INFO: Run Behavior\ShowPageTraceBehavior [ RunTime:0.001130s ]
INFO: [ app_end ] --END-- [ RunTime:0.002368s ]

[ 2016-09-19T16:35:26+08:00 ] 127.0.0.1 /?c=Users&a=verify
INFO: [ app_init ] --START--
INFO: Run Behavior\BuildLiteBehavior [ RunTime:0.000219s ]
INFO: [ app_init ] --END-- [ RunTime:0.001986s ]
INFO: [ app_begin ] --START--
INFO: Run Behavior\ReadHtmlCacheBehavior [ RunTime:0.001090s ]
INFO: [ app_begin ] --END-- [ RunTime:0.002358s ]
INFO: [ app_end ] --START--
INFO: Run Behavior\ShowPageTraceBehavior [ RunTime:0.001165s ]
INFO: [ app_end ] --END-- [ RunTime:0.002395s ]

[ 2016-09-19T16:36:31+08:00 ] 127.0.0.1 /?c=Users&a=verify
INFO: [ app_init ] --START--
INFO: Run Behavior\BuildLiteBehavior [ RunTime:0.000218s ]
INFO: [ app_init ] --END-- [ RunTime:0.002043s ]
INFO: [ app_begin ] --START--
INFO: Run Behavior\ReadHtmlCacheBehavior [ RunTime:0.001303s ]
INFO: [ app_begin ] --END-- [ RunTime:0.003275s ]
INFO: [ app_end ] --START--
INFO: Run Behavior\ShowPageTraceBehavior [ RunTime:0.001147s ]
INFO: [ app_end ] --END-- [ RunTime:0.002381s ]

[ 2016-09-19T16:36:58+08:00 ] 127.0.0.1 /?c=Users&a=verify
INFO: [ app_init ] --START--
INFO: Run Behavior\BuildLiteBehavior [ RunTime:0.000281s ]
INFO: [ app_init ] --END-- [ RunTime:0.002439s ]
INFO: [ app_begin ] --START--
INFO: Run Behavior\ReadHtmlCacheBehavior [ RunTime:0.001658s ]
INFO: [ app_begin ] --END-- [ RunTime:0.003507s ]
INFO: [ app_end ] --START--
INFO: Run Behavior\ShowPageTraceBehavior [ RunTime:0.001175s ]
INFO: [ app_end ] --END-- [ RunTime:0.002610s ]

[ 2016-09-19T16:38:12+08:00 ] 127.0.0.1 /?c=Users&a=verify
INFO: [ app_init ] --START--
INFO: Run Behavior\BuildLiteBehavior [ RunTime:0.000206s ]
INFO: [ app_init ] --END-- [ RunTime:0.001879s ]
INFO: [ app_begin ] --START--
INFO: Run Behavior\ReadHtmlCacheBehavior [ RunTime:0.001103s ]
INFO: [ app_begin ] --END-- [ RunTime:0.002799s ]
INFO: [ app_end ] --START--
INFO: Run Behavior\ShowPageTraceBehavior [ RunTime:0.001113s ]
INFO: [ app_end ] --END-- [ RunTime:0.002263s ]

[ 2016-09-19T16:38:25+08:00 ] 127.0.0.1 /?c=Users&a=verify
INFO: [ app_init ] --START--
INFO: Run Behavior\BuildLiteBehavior [ RunTime:0.000220s ]
INFO: [ app_init ] --END-- [ RunTime:0.001914s ]
INFO: [ app_begin ] --START--
INFO: Run Behavior\ReadHtmlCacheBehavior [ RunTime:0.001271s ]
INFO: [ app_begin ] --END-- [ RunTime:0.002863s ]
INFO: [ app_end ] --START--
INFO: Run Behavior\ShowPageTraceBehavior [ RunTime:0.001097s ]
INFO: [ app_end ] --END-- [ RunTime:0.002318s ]

[ 2016-09-19T16:38:56+08:00 ] 127.0.0.1 /?c=Users&a=verify
INFO: [ app_init ] --START--
INFO: Run Behavior\BuildLiteBehavior [ RunTime:0.000222s ]
INFO: [ app_init ] --END-- [ RunTime:0.001843s ]
INFO: [ app_begin ] --START--
INFO: Run Behavior\ReadHtmlCacheBehavior [ RunTime:0.001114s ]
INFO: [ app_begin ] --END-- [ RunTime:0.002410s ]
INFO: [ app_end ] --START--
INFO: Run Behavior\ShowPageTraceBehavior [ RunTime:0.001304s ]
INFO: [ app_end ] --END-- [ RunTime:0.003880s ]

[ 2016-09-19T16:39:49+08:00 ] 127.0.0.1 /?c=Users&a=verify
INFO: [ app_init ] --START--
INFO: Run Behavior\BuildLiteBehavior [ RunTime:0.000224s ]
INFO: [ app_init ] --END-- [ RunTime:0.001826s ]
INFO: [ app_begin ] --START--
INFO: Run Behavior\ReadHtmlCacheBehavior [ RunTime:0.001132s ]
INFO: [ app_begin ] --END-- [ RunTime:0.002374s ]
INFO: [ app_end ] --START--
INFO: Run Behavior\ShowPageTraceBehavior [ RunTime:0.001069s ]
INFO: [ app_end ] --END-- [ RunTime:0.002275s ]

[ 2016-09-19T16:40:53+08:00 ] 127.0.0.1 /?c=Users&a=verify
INFO: [ app_init ] --START--
INFO: Run Behavior\BuildLiteBehavior [ RunTime:0.000220s ]
INFO: [ app_init ] --END-- [ RunTime:0.001956s ]
INFO: [ app_begin ] --START--
INFO: Run Behavior\ReadHtmlCacheBehavior [ RunTime:0.001071s ]
INFO: [ app_begin ] --END-- [ RunTime:0.002338s ]
INFO: [ app_end ] --START--
INFO: Run Behavior\ShowPageTraceBehavior [ RunTime:0.001083s ]
INFO: [ app_end ] --END-- [ RunTime:0.002267s ]

[ 2016-09-19T16:42:05+08:00 ] 127.0.0.1 /?c=Users&a=verify
INFO: [ app_init ] --START--
INFO: Run Behavior\BuildLiteBehavior [ RunTime:0.000214s ]
INFO: [ app_init ] --END-- [ RunTime:0.001907s ]
INFO: [ app_begin ] --START--
INFO: Run Behavior\ReadHtmlCacheBehavior [ RunTime:0.001182s ]
INFO: [ app_begin ] --END-- [ RunTime:0.002464s ]
INFO: [ app_end ] --START--
INFO: Run Behavior\ShowPageTraceBehavior [ RunTime:0.001114s ]
INFO: [ app_end ] --END-- [ RunTime:0.002387s ]

[ 2016-09-19T16:53:22+08:00 ] 127.0.0.1 /?c=Users&a=verify
INFO: [ app_init ] --START--
INFO: Run Behavior\BuildLiteBehavior [ RunTime:0.000207s ]
INFO: [ app_init ] --END-- [ RunTime:0.001866s ]
INFO: [ app_begin ] --START--
INFO: Run Behavior\ReadHtmlCacheBehavior [ RunTime:0.001215s ]
INFO: [ app_begin ] --END-- [ RunTime:0.002535s ]
INFO: [ app_end ] --START--
INFO: Run Behavior\ShowPageTraceBehavior [ RunTime:0.001086s ]
INFO: [ app_end ] --END-- [ RunTime:0.002294s ]

[ 2016-09-19T16:55:13+08:00 ] 127.0.0.1 /?c=Users&a=verify
INFO: [ app_init ] --START--
INFO: Run Behavior\BuildLiteBehavior [ RunTime:0.000227s ]
INFO: [ app_init ] --END-- [ RunTime:0.001719s ]
INFO: [ app_begin ] --START--
INFO: Run Behavior\ReadHtmlCacheBehavior [ RunTime:0.001291s ]
INFO: [ app_begin ] --END-- [ RunTime:0.002852s ]
INFO: [ app_end ] --START--
INFO: Run Behavior\ShowPageTraceBehavior [ RunTime:0.001056s ]
INFO: [ app_end ] --END-- [ RunTime:0.002218s ]

[ 2016-09-19T16:58:47+08:00 ] 127.0.0.1 /?c=Users&a=verify
INFO: [ app_init ] --START--
INFO: Run Behavior\BuildLiteBehavior [ RunTime:0.000208s ]
INFO: [ app_init ] --END-- [ RunTime:0.001906s ]
INFO: [ app_begin ] --START--
INFO: Run Behavior\ReadHtmlCacheBehavior [ RunTime:0.001077s ]
INFO: [ app_begin ] --END-- [ RunTime:0.002408s ]
INFO: [ app_end ] --START--
INFO: Run Behavior\ShowPageTraceBehavior [ RunTime:0.001504s ]
INFO: [ app_end ] --END-- [ RunTime:0.002891s ]

[ 2016-09-19T16:59:48+08:00 ] 127.0.0.1 /?c=Users&a=verify
INFO: [ app_init ] --START--
INFO: Run Behavior\BuildLiteBehavior [ RunTime:0.000205s ]
INFO: [ app_init ] --END-- [ RunTime:0.001866s ]
INFO: [ app_begin ] --START--
INFO: Run Behavior\ReadHtmlCacheBehavior [ RunTime:0.001101s ]
INFO: [ app_begin ] --END-- [ RunTime:0.002368s ]
INFO: [ app_end ] --START--
INFO: Run Behavior\ShowPageTraceBehavior [ RunTime:0.001086s ]
INFO: [ app_end ] --END-- [ RunTime:0.002283s ]

[ 2016-09-19T17:00:08+08:00 ] 127.0.0.1 /?c=Users&a=verify
INFO: [ app_init ] --START--
INFO: Run Behavior\BuildLiteBehavior [ RunTime:0.000202s ]
INFO: [ app_init ] --END-- [ RunTime:0.002130s ]
INFO: [ app_begin ] --START--
INFO: Run Behavior\ReadHtmlCacheBehavior [ RunTime:0.001423s ]
INFO: [ app_begin ] --END-- [ RunTime:0.003109s ]
INFO: [ app_end ] --START--
INFO: Run Behavior\ShowPageTraceBehavior [ RunTime:0.001114s ]
INFO: [ app_end ] --END-- [ RunTime:0.002286s ]

[ 2016-09-19T17:00:41+08:00 ] 127.0.0.1 /?c=Users&a=verify
INFO: [ app_init ] --START--
INFO: Run Behavior\BuildLiteBehavior [ RunTime:0.000218s ]
INFO: [ app_init ] --END-- [ RunTime:0.001920s ]
INFO: [ app_begin ] --START--
INFO: Run Behavior\ReadHtmlCacheBehavior [ RunTime:0.001016s ]
INFO: [ app_begin ] --END-- [ RunTime:0.002177s ]
INFO: [ app_end ] --START--
INFO: Run Behavior\ShowPageTraceBehavior [ RunTime:0.001100s ]
INFO: [ app_end ] --END-- [ RunTime:0.002320s ]

[ 2016-09-19T17:01:24+08:00 ] 127.0.0.1 /?c=Users&a=verify
INFO: [ app_init ] --START--
INFO: Run Behavior\BuildLiteBehavior [ RunTime:0.000231s ]
INFO: [ app_init ] --END-- [ RunTime:0.002191s ]
INFO: [ app_begin ] --START--
INFO: Run Behavior\ReadHtmlCacheBehavior [ RunTime:0.001113s ]
INFO: [ app_begin ] --END-- [ RunTime:0.002443s ]
INFO: [ app_end ] --START--
INFO: Run Behavior\ShowPageTraceBehavior [ RunTime:0.001240s ]
INFO: [ app_end ] --END-- [ RunTime:0.002406s ]

[ 2016-09-19T17:01:50+08:00 ] 127.0.0.1 /?c=Users&a=verify
INFO: [ app_init ] --START--
INFO: Run Behavior\BuildLiteBehavior [ RunTime:0.000272s ]
INFO: [ app_init ] --END-- [ RunTime:0.003096s ]
INFO: [ app_begin ] --START--
INFO: Run Behavior\ReadHtmlCacheBehavior [ RunTime:0.001144s ]
INFO: [ app_begin ] --END-- [ RunTime:0.002582s ]
INFO: [ app_end ] --START--
INFO: Run Behavior\ShowPageTraceBehavior [ RunTime:0.001105s ]
INFO: [ app_end ] --END-- [ RunTime:0.002336s ]

[ 2016-09-19T17:02:13+08:00 ] 127.0.0.1 /?c=Users&a=verify
INFO: [ app_init ] --START--
INFO: Run Behavior\BuildLiteBehavior [ RunTime:0.000283s ]
INFO: [ app_init ] --END-- [ RunTime:0.002086s ]
INFO: [ app_begin ] --START--
INFO: Run Behavior\ReadHtmlCacheBehavior [ RunTime:0.001661s ]
INFO: [ app_begin ] --END-- [ RunTime:0.004050s ]
INFO: [ app_end ] --START--
INFO: Run Behavior\ShowPageTraceBehavior [ RunTime:0.001095s ]
INFO: [ app_end ] --END-- [ RunTime:0.002351s ]

[ 2016-09-19T17:02:37+08:00 ] 127.0.0.1 /?c=Users&a=verify
INFO: [ app_init ] --START--
INFO: Run Behavior\BuildLiteBehavior [ RunTime:0.000241s ]
INFO: [ app_init ] --END-- [ RunTime:0.001979s ]
INFO: [ app_begin ] --START--
INFO: Run Behavior\ReadHtmlCacheBehavior [ RunTime:0.001026s ]
INFO: [ app_begin ] --END-- [ RunTime:0.002264s ]
INFO: [ app_end ] --START--
INFO: Run Behavior\ShowPageTraceBehavior [ RunTime:0.001072s ]
INFO: [ app_end ] --END-- [ RunTime:0.002210s ]

[ 2016-09-19T17:03:11+08:00 ] 127.0.0.1 /?c=Users&a=verify
INFO: [ app_init ] --START--
INFO: Run Behavior\BuildLiteBehavior [ RunTime:0.000240s ]
INFO: [ app_init ] --END-- [ RunTime:0.008271s ]
INFO: [ app_begin ] --START--
INFO: Run Behavior\ReadHtmlCacheBehavior [ RunTime:0.001118s ]
INFO: [ app_begin ] --END-- [ RunTime:0.002331s ]
INFO: [ app_end ] --START--
INFO: Run Behavior\ShowPageTraceBehavior [ RunTime:0.001099s ]
INFO: [ app_end ] --END-- [ RunTime:0.002312s ]

[ 2016-09-19T17:03:30+08:00 ] 127.0.0.1 /?c=Users&a=verify
INFO: [ app_init ] --START--
INFO: Run Behavior\BuildLiteBehavior [ RunTime:0.000236s ]
INFO: [ app_init ] --END-- [ RunTime:0.002747s ]
INFO: [ app_begin ] --START--
INFO: Run Behavior\ReadHtmlCacheBehavior [ RunTime:0.003327s ]
INFO: [ app_begin ] --END-- [ RunTime:0.004723s ]
INFO: [ app_end ] --START--
INFO: Run Behavior\ShowPageTraceBehavior [ RunTime:0.001114s ]
INFO: [ app_end ] --END-- [ RunTime:0.002313s ]

[ 2016-09-19T17:54:47+08:00 ] 127.0.0.1 /
INFO: [ app_init ] --START--
INFO: Run Behavior\BuildLiteBehavior [ RunTime:0.000246s ]
INFO: [ app_init ] --END-- [ RunTime:0.001925s ]
INFO: [ app_begin ] --START--
INFO: Run Behavior\ReadHtmlCacheBehavior [ RunTime:0.001339s ]
INFO: [ app_begin ] --END-- [ RunTime:0.003797s ]
NOTIC: [2048] Declaration of Home\Model\UsersModel::add() should be compatible with Think\Model::add($data = '', $options = Array, $replace = false) E:\code\aastory\Application\Home\Model\UsersModel.class.php 第 6 行.
SQL: SHOW COLUMNS FROM `aai_users` [ RunTime:0.0451s ]
SQL: SHOW COLUMNS FROM `aai_users` [ RunTime:0.0455s ]
SQL: SELECT * FROM `aai_users` WHERE `id` = '2' LIMIT 1   [ RunTime:0.0445s ]
SQL: SHOW COLUMNS FROM `aai_post` [ RunTime:0.0452s ]
SQL: SHOW COLUMNS FROM `aai_post` [ RunTime:0.0448s ]
SQL: SELECT * FROM `aai_post` WHERE `hot` = 1 AND `status` = 'publish' ORDER BY id desc  [ RunTime:0.0460s ]
INFO: [ view_parse ] --START--
INFO: [ template_filter ] --START--
INFO: Run Behavior\ContentReplaceBehavior [ RunTime:0.001094s ]
INFO: [ template_filter ] --END-- [ RunTime:0.002339s ]
INFO: Run Behavior\ParseTemplateBehavior [ RunTime:0.094280s ]
INFO: [ view_parse ] --END-- [ RunTime:0.096732s ]
INFO: [ view_filter ] --START--
INFO: Run Behavior\WriteHtmlCacheBehavior [ RunTime:0.000921s ]
INFO: [ view_filter ] --END-- [ RunTime:0.002096s ]
INFO: [ app_end ] --START--
INFO: Run Behavior\ShowPageTraceBehavior [ RunTime:0.001102s ]
INFO: [ app_end ] --END-- [ RunTime:0.002354s ]

[ 2016-09-19T17:56:37+08:00 ] 127.0.0.1 /
INFO: [ app_init ] --START--
INFO: Run Behavior\BuildLiteBehavior [ RunTime:0.000223s ]
INFO: [ app_init ] --END-- [ RunTime:0.001946s ]
INFO: [ app_begin ] --START--
INFO: Run Behavior\ReadHtmlCacheBehavior [ RunTime:0.001478s ]
INFO: [ app_begin ] --END-- [ RunTime:0.002878s ]
NOTIC: [2048] Declaration of Home\Model\UsersModel::add() should be compatible with Think\Model::add($data = '', $options = Array, $replace = false) E:\code\aastory\Application\Home\Model\UsersModel.class.php 第 6 行.
SQL: SHOW COLUMNS FROM `aai_users` [ RunTime:0.0463s ]
SQL: SHOW COLUMNS FROM `aai_users` [ RunTime:0.0466s ]
SQL: SELECT * FROM `aai_users` WHERE `id` = '2' LIMIT 1   [ RunTime:0.0461s ]
SQL: SHOW COLUMNS FROM `aai_post` [ RunTime:0.0465s ]
SQL: SHOW COLUMNS FROM `aai_post` [ RunTime:0.0460s ]
SQL: SELECT * FROM `aai_post` WHERE `hot` = 1 AND `status` = 'publish' ORDER BY id desc  [ RunTime:0.0508s ]
INFO: [ view_parse ] --START--
INFO: [ template_filter ] --START--
INFO: Run Behavior\ContentReplaceBehavior [ RunTime:0.001240s ]
INFO: [ template_filter ] --END-- [ RunTime:0.002804s ]
INFO: Run Behavior\ParseTemplateBehavior [ RunTime:0.067570s ]
INFO: [ view_parse ] --END-- [ RunTime:0.069777s ]
INFO: [ view_filter ] --START--
INFO: Run Behavior\WriteHtmlCacheBehavior [ RunTime:0.000927s ]
INFO: [ view_filter ] --END-- [ RunTime:0.002199s ]
INFO: [ app_end ] --START--
INFO: Run Behavior\ShowPageTraceBehavior [ RunTime:0.001075s ]
INFO: [ app_end ] --END-- [ RunTime:0.002323s ]

[ 2016-09-19T17:56:47+08:00 ] 127.0.0.1 /
INFO: [ app_init ] --START--
INFO: Run Behavior\BuildLiteBehavior [ RunTime:0.000249s ]
INFO: [ app_init ] --END-- [ RunTime:0.002239s ]
INFO: [ app_begin ] --START--
INFO: Run Behavior\ReadHtmlCacheBehavior [ RunTime:0.001371s ]
INFO: [ app_begin ] --END-- [ RunTime:0.002650s ]
NOTIC: [2048] Declaration of Home\Model\UsersModel::add() should be compatible with Think\Model::add($data = '', $options = Array, $replace = false) E:\code\aastory\Application\Home\Model\UsersModel.class.php 第 6 行.
SQL: SHOW COLUMNS FROM `aai_users` [ RunTime:0.0522s ]
SQL: SHOW COLUMNS FROM `aai_users` [ RunTime:0.0464s ]
SQL: SELECT * FROM `aai_users` WHERE `id` = '2' LIMIT 1   [ RunTime:0.0455s ]
SQL: SHOW COLUMNS FROM `aai_post` [ RunTime:0.0458s ]
SQL: SHOW COLUMNS FROM `aai_post` [ RunTime:0.0528s ]
SQL: SELECT * FROM `aai_post` WHERE `hot` = 1 AND `status` = 'publish' ORDER BY id desc  [ RunTime:0.0466s ]
INFO: [ view_parse ] --START--
INFO: [ template_filter ] --START--
INFO: Run Behavior\ContentReplaceBehavior [ RunTime:0.001146s ]
INFO: [ template_filter ] --END-- [ RunTime:0.002656s ]
INFO: Run Behavior\ParseTemplateBehavior [ RunTime:0.074224s ]
INFO: [ view_parse ] --END-- [ RunTime:0.076644s ]
INFO: [ view_filter ] --START--
INFO: Run Behavior\WriteHtmlCacheBehavior [ RunTime:0.000937s ]
INFO: [ view_filter ] --END-- [ RunTime:0.002436s ]
INFO: [ app_end ] --START--
INFO: Run Behavior\ShowPageTraceBehavior [ RunTime:0.001120s ]
INFO: [ app_end ] --END-- [ RunTime:0.002277s ]

