[ 2016-09-06T10:50:51+08:00 ] 127.0.0.1 /admin.php
INFO: [ app_init ] --START--
INFO: Run Behavior\BuildLiteBehavior [ RunTime:0.000257s ]
INFO: [ app_init ] --END-- [ RunTime:0.001895s ]
INFO: [ app_begin ] --START--
INFO: Run Behavior\ReadHtmlCacheBehavior [ RunTime:0.001183s ]
INFO: [ app_begin ] --END-- [ RunTime:0.002467s ]
SQL: SHOW COLUMNS FROM `aai_admin_rules` [ RunTime:0.0465s ]
SQL: SELECT * FROM `aai_admin_rules` WHERE `id` = 0 AND `status` = 1 ORDER BY orderid  LIMIT 1   [ RunTime:0.0460s ]
NOTIC: [2] krsort() expects parameter 1 to be array, null given E:\code\ananinfo_github\ananinfo_web\php\ananinfo_web\Application\Admin\Model\RulesModel.class.php 第 24 行.
NOTIC: [2] array_values() expects parameter 1 to be array, null given E:\code\ananinfo_github\ananinfo_web\php\ananinfo_web\Application\Admin\Model\RulesModel.class.php 第 25 行.
SQL: SELECT * FROM `aai_admin_rules` WHERE `pid` = 0 AND `status` = 1 ORDER BY orderid   [ RunTime:0.0524s ]
SQL: SELECT * FROM `aai_admin_rules` WHERE `pid` = 658 AND `status` = 1 ORDER BY orderid   [ RunTime:0.0743s ]
SQL: SELECT * FROM `aai_admin_rules` WHERE `pid` = 668 AND `status` = 1 ORDER BY orderid   [ RunTime:0.1031s ]
SQL: SELECT * FROM `aai_admin_rules` WHERE `pid` = 659 AND `status` = 1 ORDER BY orderid   [ RunTime:0.0700s ]
SQL: SELECT * FROM `aai_admin_rules` WHERE `pid` = 660 AND `status` = 1 ORDER BY orderid   [ RunTime:0.0457s ]
SQL: SELECT * FROM `aai_admin_rules` WHERE `pid` = 661 AND `status` = 1 ORDER BY orderid   [ RunTime:0.0458s ]
SQL: SELECT * FROM `aai_admin_rules` WHERE `pid` = 662 AND `status` = 1 ORDER BY orderid   [ RunTime:0.0457s ]
SQL: SELECT * FROM `aai_admin_rules` WHERE `pid` = 663 AND `status` = 1 ORDER BY orderid   [ RunTime:0.0470s ]
SQL: SELECT * FROM `aai_admin_rules` WHERE `pid` = 664 AND `status` = 1 ORDER BY orderid   [ RunTime:0.0464s ]
SQL: SELECT * FROM `aai_admin_rules` WHERE `pid` = 665 AND `status` = 1 ORDER BY orderid   [ RunTime:0.0461s ]
SQL: SELECT * FROM `aai_admin_rules` WHERE `pid` = 666 AND `status` = 1 ORDER BY orderid   [ RunTime:0.0468s ]
SQL: SELECT * FROM `aai_admin_rules` WHERE `pid` = 667 AND `status` = 1 ORDER BY orderid   [ RunTime:0.0455s ]
NOTIC: [8] Undefined variable: assign E:\code\ananinfo_github\ananinfo_web\php\ananinfo_web\Application\Admin\Controller\IndexController.class.php 第 16 行.
INFO: [ view_parse ] --START--
INFO: [ template_filter ] --START--
INFO: Run Behavior\ContentReplaceBehavior [ RunTime:0.000890s ]
INFO: [ template_filter ] --END-- [ RunTime:0.002336s ]
INFO: Run Behavior\ParseTemplateBehavior [ RunTime:0.126875s ]
INFO: [ view_parse ] --END-- [ RunTime:0.129060s ]
INFO: [ view_filter ] --START--
INFO: Run Behavior\WriteHtmlCacheBehavior [ RunTime:0.001246s ]
INFO: [ view_filter ] --END-- [ RunTime:0.002586s ]
INFO: [ app_end ] --START--
INFO: Run Behavior\ShowPageTraceBehavior [ RunTime:0.001174s ]
INFO: [ app_end ] --END-- [ RunTime:0.002441s ]

[ 2016-09-06T10:50:54+08:00 ] 127.0.0.1 /admin.php?c=Rules&a=doWork&menuid=661
INFO: [ app_init ] --START--
INFO: Run Behavior\BuildLiteBehavior [ RunTime:0.000229s ]
INFO: [ app_init ] --END-- [ RunTime:0.002008s ]
INFO: [ app_begin ] --START--
INFO: Run Behavior\ReadHtmlCacheBehavior [ RunTime:0.001399s ]
INFO: [ app_begin ] --END-- [ RunTime:0.002738s ]
SQL: SHOW COLUMNS FROM `aai_admin_rules` [ RunTime:0.0458s ]
SQL: SELECT * FROM `aai_admin_rules` WHERE `id` = 661 AND `status` = 1 ORDER BY orderid  LIMIT 1   [ RunTime:0.0467s ]
NOTIC: [2] krsort() expects parameter 1 to be array, null given E:\code\ananinfo_github\ananinfo_web\php\ananinfo_web\Application\Admin\Model\RulesModel.class.php 第 24 行.
NOTIC: [2] array_values() expects parameter 1 to be array, null given E:\code\ananinfo_github\ananinfo_web\php\ananinfo_web\Application\Admin\Model\RulesModel.class.php 第 25 行.
SQL: SELECT * FROM `aai_admin_rules` WHERE `pid` = 0 AND `status` = 1 ORDER BY orderid   [ RunTime:0.0464s ]
SQL: SELECT * FROM `aai_admin_rules` WHERE `pid` = 658 AND `status` = 1 ORDER BY orderid   [ RunTime:0.0469s ]
SQL: SELECT * FROM `aai_admin_rules` WHERE `pid` = 668 AND `status` = 1 ORDER BY orderid   [ RunTime:0.0475s ]
SQL: SELECT * FROM `aai_admin_rules` WHERE `pid` = 659 AND `status` = 1 ORDER BY orderid   [ RunTime:0.0469s ]
SQL: SELECT * FROM `aai_admin_rules` WHERE `pid` = 660 AND `status` = 1 ORDER BY orderid   [ RunTime:0.0465s ]
SQL: SELECT * FROM `aai_admin_rules` WHERE `pid` = 661 AND `status` = 1 ORDER BY orderid   [ RunTime:0.0467s ]
SQL: SELECT * FROM `aai_admin_rules` WHERE `pid` = 662 AND `status` = 1 ORDER BY orderid   [ RunTime:0.0469s ]
SQL: SELECT * FROM `aai_admin_rules` WHERE `pid` = 663 AND `status` = 1 ORDER BY orderid   [ RunTime:0.0465s ]
SQL: SELECT * FROM `aai_admin_rules` WHERE `pid` = 664 AND `status` = 1 ORDER BY orderid   [ RunTime:0.0471s ]
SQL: SELECT * FROM `aai_admin_rules` WHERE `pid` = 665 AND `status` = 1 ORDER BY orderid   [ RunTime:0.0462s ]
SQL: SELECT * FROM `aai_admin_rules` WHERE `pid` = 666 AND `status` = 1 ORDER BY orderid   [ RunTime:0.0462s ]
SQL: SELECT * FROM `aai_admin_rules` WHERE `pid` = 667 AND `status` = 1 ORDER BY orderid   [ RunTime:0.0465s ]
INFO: [ view_parse ] --START--
INFO: [ template_filter ] --START--
INFO: Run Behavior\ContentReplaceBehavior [ RunTime:0.000856s ]
INFO: [ template_filter ] --END-- [ RunTime:0.002247s ]
INFO: Run Behavior\ParseTemplateBehavior [ RunTime:0.102354s ]
INFO: [ view_parse ] --END-- [ RunTime:0.105532s ]
INFO: [ view_filter ] --START--
INFO: Run Behavior\WriteHtmlCacheBehavior [ RunTime:0.001097s ]
INFO: [ view_filter ] --END-- [ RunTime:0.002479s ]
INFO: [ app_end ] --START--
INFO: Run Behavior\ShowPageTraceBehavior [ RunTime:0.001210s ]
INFO: [ app_end ] --END-- [ RunTime:0.002467s ]

[ 2016-09-06T10:50:57+08:00 ] 127.0.0.1 /admin.php?c=Admin&a=index&menuid=663
INFO: [ app_init ] --START--
INFO: Run Behavior\BuildLiteBehavior [ RunTime:0.000228s ]
INFO: [ app_init ] --END-- [ RunTime:0.001920s ]
INFO: [ app_begin ] --START--
INFO: Run Behavior\ReadHtmlCacheBehavior [ RunTime:0.001091s ]
INFO: [ app_begin ] --END-- [ RunTime:0.002409s ]
SQL: SHOW COLUMNS FROM `aai_admin_rules` [ RunTime:0.0476s ]
SQL: SELECT * FROM `aai_admin_rules` WHERE `id` = 663 AND `status` = 1 ORDER BY orderid  LIMIT 1   [ RunTime:0.0472s ]
SQL: SELECT * FROM `aai_admin_rules` WHERE `id` = 661 AND `status` = 1 ORDER BY orderid  LIMIT 1   [ RunTime:0.0464s ]
NOTIC: [2] krsort() expects parameter 1 to be array, null given E:\code\ananinfo_github\ananinfo_web\php\ananinfo_web\Application\Admin\Model\RulesModel.class.php 第 24 行.
NOTIC: [2] array_values() expects parameter 1 to be array, null given E:\code\ananinfo_github\ananinfo_web\php\ananinfo_web\Application\Admin\Model\RulesModel.class.php 第 25 行.
SQL: SELECT * FROM `aai_admin_rules` WHERE `pid` = 0 AND `status` = 1 ORDER BY orderid   [ RunTime:0.0475s ]
SQL: SELECT * FROM `aai_admin_rules` WHERE `pid` = 658 AND `status` = 1 ORDER BY orderid   [ RunTime:0.0473s ]
SQL: SELECT * FROM `aai_admin_rules` WHERE `pid` = 668 AND `status` = 1 ORDER BY orderid   [ RunTime:0.0463s ]
SQL: SELECT * FROM `aai_admin_rules` WHERE `pid` = 659 AND `status` = 1 ORDER BY orderid   [ RunTime:0.0461s ]
SQL: SELECT * FROM `aai_admin_rules` WHERE `pid` = 660 AND `status` = 1 ORDER BY orderid   [ RunTime:0.0467s ]
SQL: SELECT * FROM `aai_admin_rules` WHERE `pid` = 661 AND `status` = 1 ORDER BY orderid   [ RunTime:0.0482s ]
SQL: SELECT * FROM `aai_admin_rules` WHERE `pid` = 662 AND `status` = 1 ORDER BY orderid   [ RunTime:0.0468s ]
SQL: SELECT * FROM `aai_admin_rules` WHERE `pid` = 663 AND `status` = 1 ORDER BY orderid   [ RunTime:0.0466s ]
SQL: SELECT * FROM `aai_admin_rules` WHERE `pid` = 664 AND `status` = 1 ORDER BY orderid   [ RunTime:0.0467s ]
SQL: SELECT * FROM `aai_admin_rules` WHERE `pid` = 665 AND `status` = 1 ORDER BY orderid   [ RunTime:0.0467s ]
SQL: SELECT * FROM `aai_admin_rules` WHERE `pid` = 666 AND `status` = 1 ORDER BY orderid   [ RunTime:0.0469s ]
SQL: SELECT * FROM `aai_admin_rules` WHERE `pid` = 667 AND `status` = 1 ORDER BY orderid   [ RunTime:0.0458s ]
SQL: SELECT a.`user_login`,a.`user_phone`,a.`user_nicename`,a.`user_email`,c.`title`,a.`user_registered` 
			FROM aai_users  a 
			INNER JOIN aai_usermeta b ON  b.meta_key = 'admin_group_admin' AND a.id = b.`user_id`
			INNER JOIN aai_admin_group c ON b.`meta_value` = c.`gid` [ RunTime:0.0468s ]
INFO: [ view_parse ] --START--
INFO: [ template_filter ] --START--
INFO: Run Behavior\ContentReplaceBehavior [ RunTime:0.000957s ]
INFO: [ template_filter ] --END-- [ RunTime:0.002313s ]
INFO: Run Behavior\ParseTemplateBehavior [ RunTime:0.166424s ]
INFO: [ view_parse ] --END-- [ RunTime:0.169501s ]
INFO: [ view_filter ] --START--
INFO: Run Behavior\WriteHtmlCacheBehavior [ RunTime:0.000998s ]
INFO: [ view_filter ] --END-- [ RunTime:0.002202s ]
INFO: [ app_end ] --START--
INFO: Run Behavior\ShowPageTraceBehavior [ RunTime:0.001173s ]
INFO: [ app_end ] --END-- [ RunTime:0.002375s ]

[ 2016-09-06T10:51:03+08:00 ] 127.0.0.1 /admin.php?c=Admin&a=initAdd&menuid=663
INFO: [ app_init ] --START--
INFO: Run Behavior\BuildLiteBehavior [ RunTime:0.000244s ]
INFO: [ app_init ] --END-- [ RunTime:0.002020s ]
INFO: [ app_begin ] --START--
INFO: Run Behavior\ReadHtmlCacheBehavior [ RunTime:0.001119s ]
INFO: [ app_begin ] --END-- [ RunTime:0.002435s ]
SQL: SHOW COLUMNS FROM `aai_admin_rules` [ RunTime:0.0455s ]
SQL: SELECT * FROM `aai_admin_rules` WHERE `id` = 663 AND `status` = 1 ORDER BY orderid  LIMIT 1   [ RunTime:0.0451s ]
SQL: SELECT * FROM `aai_admin_rules` WHERE `id` = 661 AND `status` = 1 ORDER BY orderid  LIMIT 1   [ RunTime:0.0455s ]
NOTIC: [2] krsort() expects parameter 1 to be array, null given E:\code\ananinfo_github\ananinfo_web\php\ananinfo_web\Application\Admin\Model\RulesModel.class.php 第 24 行.
NOTIC: [2] array_values() expects parameter 1 to be array, null given E:\code\ananinfo_github\ananinfo_web\php\ananinfo_web\Application\Admin\Model\RulesModel.class.php 第 25 行.
SQL: SELECT * FROM `aai_admin_rules` WHERE `pid` = 0 AND `status` = 1 ORDER BY orderid   [ RunTime:0.0465s ]
SQL: SELECT * FROM `aai_admin_rules` WHERE `pid` = 658 AND `status` = 1 ORDER BY orderid   [ RunTime:0.0459s ]
SQL: SELECT * FROM `aai_admin_rules` WHERE `pid` = 668 AND `status` = 1 ORDER BY orderid   [ RunTime:0.0460s ]
SQL: SELECT * FROM `aai_admin_rules` WHERE `pid` = 659 AND `status` = 1 ORDER BY orderid   [ RunTime:0.0462s ]
SQL: SELECT * FROM `aai_admin_rules` WHERE `pid` = 660 AND `status` = 1 ORDER BY orderid   [ RunTime:0.0460s ]
SQL: SELECT * FROM `aai_admin_rules` WHERE `pid` = 661 AND `status` = 1 ORDER BY orderid   [ RunTime:0.0466s ]
SQL: SELECT * FROM `aai_admin_rules` WHERE `pid` = 662 AND `status` = 1 ORDER BY orderid   [ RunTime:0.0466s ]
SQL: SELECT * FROM `aai_admin_rules` WHERE `pid` = 663 AND `status` = 1 ORDER BY orderid   [ RunTime:0.0459s ]
SQL: SELECT * FROM `aai_admin_rules` WHERE `pid` = 664 AND `status` = 1 ORDER BY orderid   [ RunTime:0.0459s ]
SQL: SELECT * FROM `aai_admin_rules` WHERE `pid` = 665 AND `status` = 1 ORDER BY orderid   [ RunTime:0.0459s ]
SQL: SELECT * FROM `aai_admin_rules` WHERE `pid` = 666 AND `status` = 1 ORDER BY orderid   [ RunTime:0.0559s ]
SQL: SELECT * FROM `aai_admin_rules` WHERE `pid` = 667 AND `status` = 1 ORDER BY orderid   [ RunTime:0.0450s ]
SQL: SHOW COLUMNS FROM `aai_admin_group` [ RunTime:0.0460s ]
SQL: SELECT * FROM `aai_admin_group`  [ RunTime:0.0456s ]
INFO: [ view_parse ] --START--
INFO: [ template_filter ] --START--
INFO: Run Behavior\ContentReplaceBehavior [ RunTime:0.000866s ]
INFO: [ template_filter ] --END-- [ RunTime:0.002141s ]
INFO: Run Behavior\ParseTemplateBehavior [ RunTime:0.119206s ]
INFO: [ view_parse ] --END-- [ RunTime:0.122332s ]
INFO: [ view_filter ] --START--
INFO: Run Behavior\WriteHtmlCacheBehavior [ RunTime:0.001151s ]
INFO: [ view_filter ] --END-- [ RunTime:0.002517s ]
INFO: [ app_end ] --START--
INFO: Run Behavior\ShowPageTraceBehavior [ RunTime:0.001223s ]
INFO: [ app_end ] --END-- [ RunTime:0.002532s ]

